2022-08-27T20:07:53.616694+09:00 0 [System] [MY-010116] [Server] /usr/sbin/mysqld (mysqld 8.0.23) starting as process 1
2022-08-27T20:07:53.645524+09:00 1 [System] [MY-013576] [InnoDB] InnoDB initialization has started.
2022-08-27T20:07:53.942709+09:00 1 [System] [MY-013577] [InnoDB] InnoDB initialization has ended.
2022-08-27T20:07:54.158897+09:00 0 [System] [MY-011323] [Server] X Plugin ready for connections. Bind-address: '::' port: 33060, socket: /var/run/mysqld/mysqlx.sock
2022-08-27T20:07:54.321899+09:00 0 [Warning] [MY-010068] [Server] CA certificate ca.pem is self signed.
2022-08-27T20:07:54.322681+09:00 0 [System] [MY-013602] [Server] Channel mysql_main configured to support TLS. Encrypted connections are now supported for this channel.
2022-08-27T20:07:54.326388+09:00 0 [Warning] [MY-011810] [Server] Insecure configuration for --pid-file: Location '/var/run/mysqld' in the path is accessible to all OS users. Consider choosing a different directory.
2022-08-27T20:07:54.379101+09:00 0 [System] [MY-010931] [Server] /usr/sbin/mysqld: ready for connections. Version: '8.0.23'  socket: '/var/run/mysqld/mysqld.sock'  port: 3306  MySQL Community Server - GPL.
2022-08-27T20:18:29.795249+09:00 0 [System] [MY-013172] [Server] Received SHUTDOWN from user <via user signal>. Shutting down mysqld (Version: 8.0.23).
2022-08-27T20:18:30.479280+09:00 0 [System] [MY-010910] [Server] /usr/sbin/mysqld: Shutdown complete (mysqld 8.0.23)  MySQL Community Server - GPL.
2022-08-27T20:18:38.995319+09:00 0 [System] [MY-010116] [Server] /usr/sbin/mysqld (mysqld 8.0.23) starting as process 1
2022-08-27T20:18:39.007364+09:00 1 [System] [MY-013576] [InnoDB] InnoDB initialization has started.
2022-08-27T20:18:39.195061+09:00 1 [System] [MY-013577] [InnoDB] InnoDB initialization has ended.
2022-08-27T20:18:39.385616+09:00 0 [System] [MY-011323] [Server] X Plugin ready for connections. Bind-address: '::' port: 33060, socket: /var/run/mysqld/mysqlx.sock
2022-08-27T20:18:39.532261+09:00 0 [Warning] [MY-010068] [Server] CA certificate ca.pem is self signed.
2022-08-27T20:18:39.533189+09:00 0 [System] [MY-013602] [Server] Channel mysql_main configured to support TLS. Encrypted connections are now supported for this channel.
2022-08-27T20:18:39.537507+09:00 0 [Warning] [MY-011810] [Server] Insecure configuration for --pid-file: Location '/var/run/mysqld' in the path is accessible to all OS users. Consider choosing a different directory.
2022-08-27T20:18:39.582136+09:00 0 [System] [MY-010931] [Server] /usr/sbin/mysqld: ready for connections. Version: '8.0.23'  socket: '/var/run/mysqld/mysqld.sock'  port: 3306  MySQL Community Server - GPL.
2022-08-27T20:20:36.054734+09:00 0 [System] [MY-013172] [Server] Received SHUTDOWN from user <via user signal>. Shutting down mysqld (Version: 8.0.23).
2022-08-27T20:20:36.822410+09:00 0 [System] [MY-010910] [Server] /usr/sbin/mysqld: Shutdown complete (mysqld 8.0.23)  MySQL Community Server - GPL.
2022-08-27T20:20:40.113319+09:00 0 [System] [MY-010116] [Server] /usr/sbin/mysqld (mysqld 8.0.23) starting as process 1
2022-08-27T20:20:40.128617+09:00 1 [System] [MY-013576] [InnoDB] InnoDB initialization has started.
2022-08-27T20:20:40.290895+09:00 1 [System] [MY-013577] [InnoDB] InnoDB initialization has ended.
2022-08-27T20:20:40.421684+09:00 0 [System] [MY-011323] [Server] X Plugin ready for connections. Bind-address: '::' port: 33060, socket: /var/run/mysqld/mysqlx.sock
2022-08-27T20:20:40.513195+09:00 0 [Warning] [MY-010068] [Server] CA certificate ca.pem is self signed.
2022-08-27T20:20:40.514419+09:00 0 [System] [MY-013602] [Server] Channel mysql_main configured to support TLS. Encrypted connections are now supported for this channel.
2022-08-27T20:20:40.519194+09:00 0 [Warning] [MY-011810] [Server] Insecure configuration for --pid-file: Location '/var/run/mysqld' in the path is accessible to all OS users. Consider choosing a different directory.
2022-08-27T20:20:40.554609+09:00 0 [System] [MY-010931] [Server] /usr/sbin/mysqld: ready for connections. Version: '8.0.23'  socket: '/var/run/mysqld/mysqld.sock'  port: 3306  MySQL Community Server - GPL.
2022-08-27T20:21:12.912979+09:00 0 [System] [MY-013172] [Server] Received SHUTDOWN from user <via user signal>. Shutting down mysqld (Version: 8.0.23).
2022-08-27T20:21:13.912426+09:00 0 [System] [MY-010910] [Server] /usr/sbin/mysqld: Shutdown complete (mysqld 8.0.23)  MySQL Community Server - GPL.
2022-08-27T20:22:58.773449+09:00 0 [System] [MY-010116] [Server] /usr/sbin/mysqld (mysqld 8.0.23) starting as process 1
2022-08-27T20:22:58.783718+09:00 1 [System] [MY-013576] [InnoDB] InnoDB initialization has started.
2022-08-27T20:22:58.948609+09:00 1 [System] [MY-013577] [InnoDB] InnoDB initialization has ended.
2022-08-27T20:22:59.099245+09:00 0 [System] [MY-011323] [Server] X Plugin ready for connections. Bind-address: '::' port: 33060, socket: /var/run/mysqld/mysqlx.sock
2022-08-27T20:22:59.211486+09:00 0 [Warning] [MY-010068] [Server] CA certificate ca.pem is self signed.
2022-08-27T20:22:59.212221+09:00 0 [System] [MY-013602] [Server] Channel mysql_main configured to support TLS. Encrypted connections are now supported for this channel.
2022-08-27T20:22:59.215654+09:00 0 [Warning] [MY-011810] [Server] Insecure configuration for --pid-file: Location '/var/run/mysqld' in the path is accessible to all OS users. Consider choosing a different directory.
2022-08-27T20:22:59.258324+09:00 0 [System] [MY-010931] [Server] /usr/sbin/mysqld: ready for connections. Version: '8.0.23'  socket: '/var/run/mysqld/mysqld.sock'  port: 3306  MySQL Community Server - GPL.
2022-08-27T20:23:45.561815+09:00 0 [System] [MY-013172] [Server] Received SHUTDOWN from user <via user signal>. Shutting down mysqld (Version: 8.0.23).
2022-08-27T20:23:46.587722+09:00 0 [System] [MY-010910] [Server] /usr/sbin/mysqld: Shutdown complete (mysqld 8.0.23)  MySQL Community Server - GPL.
2022-08-27T20:23:50.944912+09:00 0 [System] [MY-010116] [Server] /usr/sbin/mysqld (mysqld 8.0.23) starting as process 1
2022-08-27T20:23:50.957215+09:00 1 [System] [MY-013576] [InnoDB] InnoDB initialization has started.
2022-08-27T20:23:51.114314+09:00 1 [System] [MY-013577] [InnoDB] InnoDB initialization has ended.
2022-08-27T20:23:51.253134+09:00 0 [System] [MY-011323] [Server] X Plugin ready for connections. Bind-address: '::' port: 33060, socket: /var/run/mysqld/mysqlx.sock
2022-08-27T20:23:51.372753+09:00 0 [Warning] [MY-010068] [Server] CA certificate ca.pem is self signed.
2022-08-27T20:23:51.373697+09:00 0 [System] [MY-013602] [Server] Channel mysql_main configured to support TLS. Encrypted connections are now supported for this channel.
2022-08-27T20:23:51.376504+09:00 0 [Warning] [MY-011810] [Server] Insecure configuration for --pid-file: Location '/var/run/mysqld' in the path is accessible to all OS users. Consider choosing a different directory.
2022-08-27T20:23:51.417349+09:00 0 [System] [MY-010931] [Server] /usr/sbin/mysqld: ready for connections. Version: '8.0.23'  socket: '/var/run/mysqld/mysqld.sock'  port: 3306  MySQL Community Server - GPL.
2022-08-27T20:24:19.516272+09:00 0 [System] [MY-013172] [Server] Received SHUTDOWN from user <via user signal>. Shutting down mysqld (Version: 8.0.23).
2022-08-27T20:24:20.738591+09:00 0 [System] [MY-010910] [Server] /usr/sbin/mysqld: Shutdown complete (mysqld 8.0.23)  MySQL Community Server - GPL.
2022-08-27T20:24:24.782673+09:00 0 [System] [MY-010116] [Server] /usr/sbin/mysqld (mysqld 8.0.23) starting as process 1
2022-08-27T20:24:24.797467+09:00 1 [System] [MY-013576] [InnoDB] InnoDB initialization has started.
2022-08-27T20:24:24.949214+09:00 1 [System] [MY-013577] [InnoDB] InnoDB initialization has ended.
2022-08-27T20:24:25.071118+09:00 0 [System] [MY-011323] [Server] X Plugin ready for connections. Bind-address: '::' port: 33060, socket: /var/run/mysqld/mysqlx.sock
2022-08-27T20:24:25.193788+09:00 0 [Warning] [MY-010068] [Server] CA certificate ca.pem is self signed.
2022-08-27T20:24:25.194587+09:00 0 [System] [MY-013602] [Server] Channel mysql_main configured to support TLS. Encrypted connections are now supported for this channel.
2022-08-27T20:24:25.198955+09:00 0 [Warning] [MY-011810] [Server] Insecure configuration for --pid-file: Location '/var/run/mysqld' in the path is accessible to all OS users. Consider choosing a different directory.
2022-08-27T20:24:25.233009+09:00 0 [System] [MY-010931] [Server] /usr/sbin/mysqld: ready for connections. Version: '8.0.23'  socket: '/var/run/mysqld/mysqld.sock'  port: 3306  MySQL Community Server - GPL.
2022-08-27T20:41:43.031978+09:00 0 [System] [MY-013172] [Server] Received SHUTDOWN from user <via user signal>. Shutting down mysqld (Version: 8.0.23).
2022-08-27T20:41:43.712504+09:00 0 [System] [MY-010910] [Server] /usr/sbin/mysqld: Shutdown complete (mysqld 8.0.23)  MySQL Community Server - GPL.
2022-08-27T20:41:50.641104+09:00 0 [System] [MY-010116] [Server] /usr/sbin/mysqld (mysqld 8.0.23) starting as process 1
2022-08-27T20:41:50.652817+09:00 1 [System] [MY-013576] [InnoDB] InnoDB initialization has started.
2022-08-27T20:41:50.806897+09:00 1 [System] [MY-013577] [InnoDB] InnoDB initialization has ended.
2022-08-27T20:41:50.913712+09:00 0 [System] [MY-011323] [Server] X Plugin ready for connections. Bind-address: '::' port: 33060, socket: /var/run/mysqld/mysqlx.sock
2022-08-27T20:41:50.976757+09:00 0 [Warning] [MY-010068] [Server] CA certificate ca.pem is self signed.
2022-08-27T20:41:50.977678+09:00 0 [System] [MY-013602] [Server] Channel mysql_main configured to support TLS. Encrypted connections are now supported for this channel.
2022-08-27T20:41:50.981479+09:00 0 [Warning] [MY-011810] [Server] Insecure configuration for --pid-file: Location '/var/run/mysqld' in the path is accessible to all OS users. Consider choosing a different directory.
2022-08-27T20:41:51.022362+09:00 0 [System] [MY-010931] [Server] /usr/sbin/mysqld: ready for connections. Version: '8.0.23'  socket: '/var/run/mysqld/mysqld.sock'  port: 3306  MySQL Community Server - GPL.
2022-08-27T20:48:03.961051+09:00 0 [System] [MY-013172] [Server] Received SHUTDOWN from user <via user signal>. Shutting down mysqld (Version: 8.0.23).
2022-08-27T20:48:05.434812+09:00 0 [System] [MY-010910] [Server] /usr/sbin/mysqld: Shutdown complete (mysqld 8.0.23)  MySQL Community Server - GPL.
2022-08-27T20:48:09.758120+09:00 0 [System] [MY-010116] [Server] /usr/sbin/mysqld (mysqld 8.0.23) starting as process 1
2022-08-27T20:48:09.768708+09:00 1 [System] [MY-013576] [InnoDB] InnoDB initialization has started.
2022-08-27T20:48:09.919124+09:00 1 [System] [MY-013577] [InnoDB] InnoDB initialization has ended.
2022-08-27T20:48:10.038862+09:00 0 [System] [MY-011323] [Server] X Plugin ready for connections. Bind-address: '::' port: 33060, socket: /var/run/mysqld/mysqlx.sock
2022-08-27T20:48:10.158961+09:00 0 [Warning] [MY-010068] [Server] CA certificate ca.pem is self signed.
2022-08-27T20:48:10.159840+09:00 0 [System] [MY-013602] [Server] Channel mysql_main configured to support TLS. Encrypted connections are now supported for this channel.
2022-08-27T20:48:10.164193+09:00 0 [Warning] [MY-011810] [Server] Insecure configuration for --pid-file: Location '/var/run/mysqld' in the path is accessible to all OS users. Consider choosing a different directory.
2022-08-27T20:48:10.197703+09:00 0 [System] [MY-010931] [Server] /usr/sbin/mysqld: ready for connections. Version: '8.0.23'  socket: '/var/run/mysqld/mysqld.sock'  port: 3306  MySQL Community Server - GPL.
2022-08-27T20:48:34.061309+09:00 0 [System] [MY-013172] [Server] Received SHUTDOWN from user <via user signal>. Shutting down mysqld (Version: 8.0.23).
2022-08-27T20:48:35.505901+09:00 0 [System] [MY-010910] [Server] /usr/sbin/mysqld: Shutdown complete (mysqld 8.0.23)  MySQL Community Server - GPL.
2022-08-27T20:48:38.929447+09:00 0 [System] [MY-010116] [Server] /usr/sbin/mysqld (mysqld 8.0.23) starting as process 1
2022-08-27T20:48:38.941188+09:00 1 [System] [MY-013576] [InnoDB] InnoDB initialization has started.
2022-08-27T20:48:39.094147+09:00 1 [System] [MY-013577] [InnoDB] InnoDB initialization has ended.
2022-08-27T20:48:39.240046+09:00 0 [System] [MY-011323] [Server] X Plugin ready for connections. Bind-address: '::' port: 33060, socket: /var/run/mysqld/mysqlx.sock
2022-08-27T20:48:39.311152+09:00 0 [Warning] [MY-010068] [Server] CA certificate ca.pem is self signed.
2022-08-27T20:48:39.311952+09:00 0 [System] [MY-013602] [Server] Channel mysql_main configured to support TLS. Encrypted connections are now supported for this channel.
2022-08-27T20:48:39.314938+09:00 0 [Warning] [MY-011810] [Server] Insecure configuration for --pid-file: Location '/var/run/mysqld' in the path is accessible to all OS users. Consider choosing a different directory.
2022-08-27T20:48:39.343847+09:00 0 [System] [MY-010931] [Server] /usr/sbin/mysqld: ready for connections. Version: '8.0.23'  socket: '/var/run/mysqld/mysqld.sock'  port: 3306  MySQL Community Server - GPL.
2022-08-27T20:54:18.142187+09:00 0 [System] [MY-013172] [Server] Received SHUTDOWN from user <via user signal>. Shutting down mysqld (Version: 8.0.23).
2022-08-27T20:54:18.754757+09:00 0 [System] [MY-010910] [Server] /usr/sbin/mysqld: Shutdown complete (mysqld 8.0.23)  MySQL Community Server - GPL.
2022-08-27T20:54:24.366243+09:00 0 [System] [MY-010116] [Server] /usr/sbin/mysqld (mysqld 8.0.23) starting as process 1
2022-08-27T20:54:24.378895+09:00 1 [System] [MY-013576] [InnoDB] InnoDB initialization has started.
2022-08-27T20:54:24.545911+09:00 1 [System] [MY-013577] [InnoDB] InnoDB initialization has ended.
2022-08-27T20:54:24.655040+09:00 0 [System] [MY-011323] [Server] X Plugin ready for connections. Bind-address: '::' port: 33060, socket: /var/run/mysqld/mysqlx.sock
2022-08-27T20:54:24.770452+09:00 0 [Warning] [MY-010068] [Server] CA certificate ca.pem is self signed.
2022-08-27T20:54:24.771336+09:00 0 [System] [MY-013602] [Server] Channel mysql_main configured to support TLS. Encrypted connections are now supported for this channel.
2022-08-27T20:54:24.774482+09:00 0 [Warning] [MY-011810] [Server] Insecure configuration for --pid-file: Location '/var/run/mysqld' in the path is accessible to all OS users. Consider choosing a different directory.
2022-08-27T20:54:24.802547+09:00 0 [System] [MY-010931] [Server] /usr/sbin/mysqld: ready for connections. Version: '8.0.23'  socket: '/var/run/mysqld/mysqld.sock'  port: 3306  MySQL Community Server - GPL.
2022-08-27T21:00:46.888621+09:00 0 [System] [MY-013172] [Server] Received SHUTDOWN from user <via user signal>. Shutting down mysqld (Version: 8.0.23).
2022-08-27T21:00:48.305220+09:00 0 [System] [MY-010910] [Server] /usr/sbin/mysqld: Shutdown complete (mysqld 8.0.23)  MySQL Community Server - GPL.
2022-08-27T21:02:07.196209+09:00 0 [System] [MY-010116] [Server] /usr/sbin/mysqld (mysqld 8.0.23) starting as process 1
2022-08-27T21:02:07.207734+09:00 1 [System] [MY-013576] [InnoDB] InnoDB initialization has started.
2022-08-27T21:02:07.376120+09:00 1 [System] [MY-013577] [InnoDB] InnoDB initialization has ended.
2022-08-27T21:02:07.498689+09:00 0 [System] [MY-011323] [Server] X Plugin ready for connections. Bind-address: '::' port: 33060, socket: /var/run/mysqld/mysqlx.sock
2022-08-27T21:02:07.618156+09:00 0 [Warning] [MY-010068] [Server] CA certificate ca.pem is self signed.
2022-08-27T21:02:07.618903+09:00 0 [System] [MY-013602] [Server] Channel mysql_main configured to support TLS. Encrypted connections are now supported for this channel.
2022-08-27T21:02:07.622809+09:00 0 [Warning] [MY-011810] [Server] Insecure configuration for --pid-file: Location '/var/run/mysqld' in the path is accessible to all OS users. Consider choosing a different directory.
2022-08-27T21:02:07.651976+09:00 0 [System] [MY-010931] [Server] /usr/sbin/mysqld: ready for connections. Version: '8.0.23'  socket: '/var/run/mysqld/mysqld.sock'  port: 3306  MySQL Community Server - GPL.
2022-08-27T21:03:06.099276+09:00 0 [System] [MY-013172] [Server] Received SHUTDOWN from user <via user signal>. Shutting down mysqld (Version: 8.0.23).
2022-08-27T21:03:06.963555+09:00 0 [System] [MY-010910] [Server] /usr/sbin/mysqld: Shutdown complete (mysqld 8.0.23)  MySQL Community Server - GPL.
2022-08-27T21:03:12.304363+09:00 0 [System] [MY-010116] [Server] /usr/sbin/mysqld (mysqld 8.0.23) starting as process 1
2022-08-27T21:03:12.315287+09:00 1 [System] [MY-013576] [InnoDB] InnoDB initialization has started.
2022-08-27T21:03:12.506088+09:00 1 [System] [MY-013577] [InnoDB] InnoDB initialization has ended.
2022-08-27T21:03:12.639256+09:00 0 [System] [MY-011323] [Server] X Plugin ready for connections. Bind-address: '::' port: 33060, socket: /var/run/mysqld/mysqlx.sock
2022-08-27T21:03:12.755360+09:00 0 [Warning] [MY-010068] [Server] CA certificate ca.pem is self signed.
2022-08-27T21:03:12.756290+09:00 0 [System] [MY-013602] [Server] Channel mysql_main configured to support TLS. Encrypted connections are now supported for this channel.
2022-08-27T21:03:12.759886+09:00 0 [Warning] [MY-011810] [Server] Insecure configuration for --pid-file: Location '/var/run/mysqld' in the path is accessible to all OS users. Consider choosing a different directory.
2022-08-27T21:03:12.801941+09:00 0 [System] [MY-010931] [Server] /usr/sbin/mysqld: ready for connections. Version: '8.0.23'  socket: '/var/run/mysqld/mysqld.sock'  port: 3306  MySQL Community Server - GPL.
2022-08-27T21:05:12.634389+09:00 0 [System] [MY-013172] [Server] Received SHUTDOWN from user <via user signal>. Shutting down mysqld (Version: 8.0.23).
2022-08-27T21:05:14.150963+09:00 0 [System] [MY-010910] [Server] /usr/sbin/mysqld: Shutdown complete (mysqld 8.0.23)  MySQL Community Server - GPL.
2022-08-27T21:05:18.016069+09:00 0 [System] [MY-010116] [Server] /usr/sbin/mysqld (mysqld 8.0.23) starting as process 1
2022-08-27T21:05:18.031194+09:00 1 [System] [MY-013576] [InnoDB] InnoDB initialization has started.
2022-08-27T21:05:18.235814+09:00 1 [System] [MY-013577] [InnoDB] InnoDB initialization has ended.
2022-08-27T21:05:18.355835+09:00 0 [System] [MY-011323] [Server] X Plugin ready for connections. Bind-address: '::' port: 33060, socket: /var/run/mysqld/mysqlx.sock
2022-08-27T21:05:18.466555+09:00 0 [Warning] [MY-010068] [Server] CA certificate ca.pem is self signed.
2022-08-27T21:05:18.484120+09:00 0 [System] [MY-013602] [Server] Channel mysql_main configured to support TLS. Encrypted connections are now supported for this channel.
2022-08-27T21:05:18.494557+09:00 0 [Warning] [MY-011810] [Server] Insecure configuration for --pid-file: Location '/var/run/mysqld' in the path is accessible to all OS users. Consider choosing a different directory.
2022-08-27T21:05:18.556922+09:00 0 [System] [MY-010931] [Server] /usr/sbin/mysqld: ready for connections. Version: '8.0.23'  socket: '/var/run/mysqld/mysqld.sock'  port: 3306  MySQL Community Server - GPL.
2022-08-27T21:06:27.939079+09:00 0 [System] [MY-013172] [Server] Received SHUTDOWN from user <via user signal>. Shutting down mysqld (Version: 8.0.23).
2022-08-27T21:06:28.831106+09:00 0 [System] [MY-010910] [Server] /usr/sbin/mysqld: Shutdown complete (mysqld 8.0.23)  MySQL Community Server - GPL.
2022-08-27T21:06:32.274601+09:00 0 [System] [MY-010116] [Server] /usr/sbin/mysqld (mysqld 8.0.23) starting as process 1
2022-08-27T21:06:32.288232+09:00 1 [System] [MY-013576] [InnoDB] InnoDB initialization has started.
2022-08-27T21:06:32.455812+09:00 1 [System] [MY-013577] [InnoDB] InnoDB initialization has ended.
2022-08-27T21:06:32.607386+09:00 0 [System] [MY-011323] [Server] X Plugin ready for connections. Bind-address: '::' port: 33060, socket: /var/run/mysqld/mysqlx.sock
2022-08-27T21:06:32.674177+09:00 0 [Warning] [MY-010068] [Server] CA certificate ca.pem is self signed.
2022-08-27T21:06:32.677368+09:00 0 [System] [MY-013602] [Server] Channel mysql_main configured to support TLS. Encrypted connections are now supported for this channel.
2022-08-27T21:06:32.681323+09:00 0 [Warning] [MY-011810] [Server] Insecure configuration for --pid-file: Location '/var/run/mysqld' in the path is accessible to all OS users. Consider choosing a different directory.
2022-08-27T21:06:32.714173+09:00 0 [System] [MY-010931] [Server] /usr/sbin/mysqld: ready for connections. Version: '8.0.23'  socket: '/var/run/mysqld/mysqld.sock'  port: 3306  MySQL Community Server - GPL.
2022-08-27T21:07:12.382778+09:00 0 [System] [MY-013172] [Server] Received SHUTDOWN from user <via user signal>. Shutting down mysqld (Version: 8.0.23).
2022-08-27T21:07:13.088890+09:00 0 [System] [MY-010910] [Server] /usr/sbin/mysqld: Shutdown complete (mysqld 8.0.23)  MySQL Community Server - GPL.
2022-08-27T21:07:16.099563+09:00 0 [System] [MY-010116] [Server] /usr/sbin/mysqld (mysqld 8.0.23) starting as process 1
2022-08-27T21:07:16.110629+09:00 1 [System] [MY-013576] [InnoDB] InnoDB initialization has started.
2022-08-27T21:07:16.252536+09:00 1 [System] [MY-013577] [InnoDB] InnoDB initialization has ended.
2022-08-27T21:07:16.374160+09:00 0 [System] [MY-011323] [Server] X Plugin ready for connections. Bind-address: '::' port: 33060, socket: /var/run/mysqld/mysqlx.sock
2022-08-27T21:07:16.503590+09:00 0 [Warning] [MY-010068] [Server] CA certificate ca.pem is self signed.
2022-08-27T21:07:16.504603+09:00 0 [System] [MY-013602] [Server] Channel mysql_main configured to support TLS. Encrypted connections are now supported for this channel.
2022-08-27T21:07:16.508197+09:00 0 [Warning] [MY-011810] [Server] Insecure configuration for --pid-file: Location '/var/run/mysqld' in the path is accessible to all OS users. Consider choosing a different directory.
2022-08-27T21:07:16.532593+09:00 0 [System] [MY-010931] [Server] /usr/sbin/mysqld: ready for connections. Version: '8.0.23'  socket: '/var/run/mysqld/mysqld.sock'  port: 3306  MySQL Community Server - GPL.
2022-08-27T21:24:16.024934+09:00 0 [System] [MY-013169] [Server] /usr/sbin/mysqld (mysqld 8.0.23) initializing of server in progress as process 42
2022-08-27T21:24:16.034037+09:00 1 [System] [MY-013576] [InnoDB] InnoDB initialization has started.
2022-08-27T21:24:16.508761+09:00 1 [System] [MY-013577] [InnoDB] InnoDB initialization has ended.
2022-08-27T21:24:17.955500+09:00 6 [Warning] [MY-010453] [Server] root@localhost is created with an empty password ! Please consider switching off the --initialize-insecure option.
2022-08-27T21:24:27.115142+09:00 0 [System] [MY-010116] [Server] /usr/sbin/mysqld (mysqld 8.0.23) starting as process 87
2022-08-27T21:24:27.139002+09:00 1 [System] [MY-013576] [InnoDB] InnoDB initialization has started.
2022-08-27T21:24:27.298424+09:00 1 [System] [MY-013577] [InnoDB] InnoDB initialization has ended.
2022-08-27T21:24:27.417626+09:00 0 [System] [MY-011323] [Server] X Plugin ready for connections. Socket: /var/run/mysqld/mysqlx.sock
2022-08-27T21:24:27.583470+09:00 0 [Warning] [MY-010068] [Server] CA certificate ca.pem is self signed.
2022-08-27T21:24:27.584396+09:00 0 [System] [MY-013602] [Server] Channel mysql_main configured to support TLS. Encrypted connections are now supported for this channel.
2022-08-27T21:24:27.587510+09:00 0 [Warning] [MY-011810] [Server] Insecure configuration for --pid-file: Location '/var/run/mysqld' in the path is accessible to all OS users. Consider choosing a different directory.
2022-08-27T21:24:27.622594+09:00 0 [System] [MY-010931] [Server] /usr/sbin/mysqld: ready for connections. Version: '8.0.23'  socket: '/var/run/mysqld/mysqld.sock'  port: 0  MySQL Community Server - GPL.
2022-08-27T21:24:36.982279+09:00 13 [System] [MY-013172] [Server] Received SHUTDOWN from user root. Shutting down mysqld (Version: 8.0.23).
2022-08-27T21:24:38.102466+09:00 0 [System] [MY-010910] [Server] /usr/sbin/mysqld: Shutdown complete (mysqld 8.0.23)  MySQL Community Server - GPL.
2022-08-27T21:24:39.221506+09:00 0 [System] [MY-010116] [Server] /usr/sbin/mysqld (mysqld 8.0.23) starting as process 1
2022-08-27T21:24:39.232970+09:00 1 [System] [MY-013576] [InnoDB] InnoDB initialization has started.
2022-08-27T21:24:39.389312+09:00 1 [System] [MY-013577] [InnoDB] InnoDB initialization has ended.
2022-08-27T21:24:39.494263+09:00 0 [System] [MY-011323] [Server] X Plugin ready for connections. Bind-address: '::' port: 33060, socket: /var/run/mysqld/mysqlx.sock
2022-08-27T21:24:39.620667+09:00 0 [Warning] [MY-010068] [Server] CA certificate ca.pem is self signed.
2022-08-27T21:24:39.621579+09:00 0 [System] [MY-013602] [Server] Channel mysql_main configured to support TLS. Encrypted connections are now supported for this channel.
2022-08-27T21:24:39.625011+09:00 0 [Warning] [MY-011810] [Server] Insecure configuration for --pid-file: Location '/var/run/mysqld' in the path is accessible to all OS users. Consider choosing a different directory.
2022-08-27T21:24:39.655614+09:00 0 [System] [MY-010931] [Server] /usr/sbin/mysqld: ready for connections. Version: '8.0.23'  socket: '/var/run/mysqld/mysqld.sock'  port: 3306  MySQL Community Server - GPL.
2022-08-27T21:25:16.461096+09:00 0 [System] [MY-013172] [Server] Received SHUTDOWN from user <via user signal>. Shutting down mysqld (Version: 8.0.23).
2022-08-27T21:25:17.026057+09:00 0 [System] [MY-010910] [Server] /usr/sbin/mysqld: Shutdown complete (mysqld 8.0.23)  MySQL Community Server - GPL.
2022-08-27T21:26:58.075323+09:00 0 [System] [MY-010116] [Server] /usr/sbin/mysqld (mysqld 8.0.23) starting as process 1
2022-08-27T21:26:58.085752+09:00 1 [System] [MY-013576] [InnoDB] InnoDB initialization has started.
2022-08-27T21:26:58.234287+09:00 1 [System] [MY-013577] [InnoDB] InnoDB initialization has ended.
2022-08-27T21:26:58.389334+09:00 0 [System] [MY-011323] [Server] X Plugin ready for connections. Bind-address: '::' port: 33060, socket: /var/run/mysqld/mysqlx.sock
2022-08-27T21:26:58.457170+09:00 0 [Warning] [MY-010068] [Server] CA certificate ca.pem is self signed.
2022-08-27T21:26:58.458234+09:00 0 [System] [MY-013602] [Server] Channel mysql_main configured to support TLS. Encrypted connections are now supported for this channel.
2022-08-27T21:26:58.461575+09:00 0 [Warning] [MY-011810] [Server] Insecure configuration for --pid-file: Location '/var/run/mysqld' in the path is accessible to all OS users. Consider choosing a different directory.
2022-08-27T21:26:58.495936+09:00 0 [System] [MY-010931] [Server] /usr/sbin/mysqld: ready for connections. Version: '8.0.23'  socket: '/var/run/mysqld/mysqld.sock'  port: 3306  MySQL Community Server - GPL.
2022-08-27T21:28:34.595676+09:00 0 [System] [MY-013172] [Server] Received SHUTDOWN from user <via user signal>. Shutting down mysqld (Version: 8.0.23).
2022-08-27T21:28:35.880260+09:00 0 [System] [MY-010910] [Server] /usr/sbin/mysqld: Shutdown complete (mysqld 8.0.23)  MySQL Community Server - GPL.
2022-08-27T21:29:12.293903+09:00 0 [System] [MY-013169] [Server] /usr/sbin/mysqld (mysqld 8.0.23) initializing of server in progress as process 43
2022-08-27T21:29:12.309379+09:00 1 [System] [MY-013576] [InnoDB] InnoDB initialization has started.
2022-08-27T21:29:12.807468+09:00 1 [System] [MY-013577] [InnoDB] InnoDB initialization has ended.
2022-08-27T21:29:14.444548+09:00 6 [Warning] [MY-010453] [Server] root@localhost is created with an empty password ! Please consider switching off the --initialize-insecure option.
2022-08-27T21:29:23.219318+09:00 0 [System] [MY-010116] [Server] /usr/sbin/mysqld (mysqld 8.0.23) starting as process 95
2022-08-27T21:29:23.238858+09:00 1 [System] [MY-013576] [InnoDB] InnoDB initialization has started.
2022-08-27T21:29:23.392218+09:00 1 [System] [MY-013577] [InnoDB] InnoDB initialization has ended.
2022-08-27T21:29:23.492167+09:00 0 [System] [MY-011323] [Server] X Plugin ready for connections. Socket: /var/run/mysqld/mysqlx.sock
2022-08-27T21:29:23.644523+09:00 0 [Warning] [MY-010068] [Server] CA certificate ca.pem is self signed.
2022-08-27T21:29:23.645394+09:00 0 [System] [MY-013602] [Server] Channel mysql_main configured to support TLS. Encrypted connections are now supported for this channel.
2022-08-27T21:29:23.648110+09:00 0 [Warning] [MY-011810] [Server] Insecure configuration for --pid-file: Location '/var/run/mysqld' in the path is accessible to all OS users. Consider choosing a different directory.
2022-08-27T21:29:23.682233+09:00 0 [System] [MY-010931] [Server] /usr/sbin/mysqld: ready for connections. Version: '8.0.23'  socket: '/var/run/mysqld/mysqld.sock'  port: 0  MySQL Community Server - GPL.
2022-08-27T21:29:32.748273+09:00 13 [System] [MY-013172] [Server] Received SHUTDOWN from user root. Shutting down mysqld (Version: 8.0.23).
2022-08-27T21:29:34.201295+09:00 0 [System] [MY-010910] [Server] /usr/sbin/mysqld: Shutdown complete (mysqld 8.0.23)  MySQL Community Server - GPL.
2022-08-27T21:29:34.986191+09:00 0 [System] [MY-010116] [Server] /usr/sbin/mysqld (mysqld 8.0.23) starting as process 1
2022-08-27T21:29:34.996509+09:00 1 [System] [MY-013576] [InnoDB] InnoDB initialization has started.
2022-08-27T21:29:35.145135+09:00 1 [System] [MY-013577] [InnoDB] InnoDB initialization has ended.
2022-08-27T21:29:35.253527+09:00 0 [System] [MY-011323] [Server] X Plugin ready for connections. Bind-address: '::' port: 33060, socket: /var/run/mysqld/mysqlx.sock
2022-08-27T21:29:35.375576+09:00 0 [Warning] [MY-010068] [Server] CA certificate ca.pem is self signed.
2022-08-27T21:29:35.376570+09:00 0 [System] [MY-013602] [Server] Channel mysql_main configured to support TLS. Encrypted connections are now supported for this channel.
2022-08-27T21:29:35.379769+09:00 0 [Warning] [MY-011810] [Server] Insecure configuration for --pid-file: Location '/var/run/mysqld' in the path is accessible to all OS users. Consider choosing a different directory.
2022-08-27T21:29:35.405856+09:00 0 [System] [MY-010931] [Server] /usr/sbin/mysqld: ready for connections. Version: '8.0.23'  socket: '/var/run/mysqld/mysqld.sock'  port: 3306  MySQL Community Server - GPL.
2022-08-27T21:33:43.732062+09:00 0 [System] [MY-013172] [Server] Received SHUTDOWN from user <via user signal>. Shutting down mysqld (Version: 8.0.23).
2022-08-27T21:33:44.476004+09:00 0 [System] [MY-010910] [Server] /usr/sbin/mysqld: Shutdown complete (mysqld 8.0.23)  MySQL Community Server - GPL.
2022-08-27T21:33:53.833902+09:00 0 [System] [MY-010116] [Server] /usr/sbin/mysqld (mysqld 8.0.23) starting as process 1
2022-08-27T21:33:53.848906+09:00 1 [System] [MY-013576] [InnoDB] InnoDB initialization has started.
2022-08-27T21:33:54.023405+09:00 1 [System] [MY-013577] [InnoDB] InnoDB initialization has ended.
2022-08-27T21:33:54.164246+09:00 0 [System] [MY-011323] [Server] X Plugin ready for connections. Bind-address: '::' port: 33060, socket: /var/run/mysqld/mysqlx.sock
2022-08-27T21:33:54.282490+09:00 0 [Warning] [MY-010068] [Server] CA certificate ca.pem is self signed.
2022-08-27T21:33:54.283367+09:00 0 [System] [MY-013602] [Server] Channel mysql_main configured to support TLS. Encrypted connections are now supported for this channel.
2022-08-27T21:33:54.286586+09:00 0 [Warning] [MY-011810] [Server] Insecure configuration for --pid-file: Location '/var/run/mysqld' in the path is accessible to all OS users. Consider choosing a different directory.
2022-08-27T21:33:54.325459+09:00 0 [System] [MY-010931] [Server] /usr/sbin/mysqld: ready for connections. Version: '8.0.23'  socket: '/var/run/mysqld/mysqld.sock'  port: 3306  MySQL Community Server - GPL.
2022-08-27T21:46:57.814982+09:00 8 [Warning] [MY-010055] [Server] IP address '192.168.208.1' could not be resolved: Name or service not known
2022-08-27T21:51:57.037393+09:00 0 [System] [MY-013172] [Server] Received SHUTDOWN from user <via user signal>. Shutting down mysqld (Version: 8.0.23).
2022-08-27T21:51:57.885303+09:00 0 [System] [MY-010910] [Server] /usr/sbin/mysqld: Shutdown complete (mysqld 8.0.23)  MySQL Community Server - GPL.
